<?xml version="1.0" encoding="UTF-8"?>
<!-- Generated by org.testng.reporters.JUnitReportReporter -->
<testsuite hostname="DESKTOP-ON2SG3F" failures="0" tests="1" name="Tests.CalculationTests" time="9.489" errors="0" timestamp="2023-02-22T23:23:10 IST" skipped="0">
  <testcase classname="Tests.CalculationTests" name="Execution" time="9.489"/>
  <system-out/>
</testsuite> <!-- Tests.CalculationTests -->
